22:29:04.236 INFO - Launching a standalone Selenium Server
22:29:04.269 INFO - Java: Oracle Corporation 9.0.4+11
22:29:04.269 INFO - OS: Mac OS X 10.10.5 x86_64
22:29:04.284 INFO - v2.53.1, with Core v2.53.1. Built from revision a36b8b1
22:29:04.350 INFO - Driver provider org.openqa.selenium.ie.InternetExplorerDriver registration is skipped:
registration capabilities Capabilities [{ensureCleanSession=true, browserName=internet explorer, version=, platform=WINDOWS}] does not match the current platform MAC
22:29:04.350 INFO - Driver provider org.openqa.selenium.edge.EdgeDriver registration is skipped:
registration capabilities Capabilities [{browserName=MicrosoftEdge, version=, platform=WINDOWS}] does not match the current platform MAC
22:29:04.350 INFO - Driver class not found: com.opera.core.systems.OperaDriver
22:29:04.350 INFO - Driver provider com.opera.core.systems.OperaDriver is not registered
22:29:04.352 INFO - Driver class not found: org.openqa.selenium.htmlunit.HtmlUnitDriver
22:29:04.352 INFO - Driver provider org.openqa.selenium.htmlunit.HtmlUnitDriver is not registered
22:29:04.401 INFO - RemoteWebDriver instances should connect to: http://127.0.0.1:4444/wd/hub
22:29:04.401 INFO - Selenium Server is up and running
22:29:04.633 INFO - Executing: [new session: Capabilities [{acceptSslCerts=true, name=Google, browserName=chrome, javascriptEnabled=true, chromeOptions={}, platform=ANY}]])
22:29:04.649 INFO - Creating a new session for Capabilities [{acceptSslCerts=true, name=Google, browserName=chrome, javascriptEnabled=true, chromeOptions={}, platform=ANY}]
Starting ChromeDriver 2.37.544337 (8c0344a12e552148c185f7d5117db1f28d6c9e85) on port 23185
Only local connections are allowed.
22:29:05.604 INFO - Done: [new session: Capabilities [{acceptSslCerts=true, name=Google, browserName=chrome, javascriptEnabled=true, chromeOptions={}, platform=ANY}]]
22:29:05.633 INFO - Executing: [get: http://www.google.com/ncr])
22:29:07.485 INFO - Done: [get: http://www.google.com/ncr]
22:29:07.490 INFO - Executing: [get title])
22:29:07.502 INFO - Done: [get title]
22:29:07.510 INFO - Executing: [find element: By.cssSelector: input[type=text]])
22:29:07.547 INFO - Done: [find element: By.cssSelector: input[type=text]]
22:29:07.554 INFO - Executing: [is displayed: 0 [[ChromeDriver: chrome on MAC (28a4f73a9f9cee2ac43796afbeef174a)] -> css selector: input[type=text]]])
22:29:07.585 INFO - Done: [is displayed: 0 [[ChromeDriver: chrome on MAC (28a4f73a9f9cee2ac43796afbeef174a)] -> css selector: input[type=text]]]
22:29:07.590 INFO - Executing: [find element: By.cssSelector: input[type=text]])
22:29:07.605 INFO - Done: [find element: By.cssSelector: input[type=text]]
22:29:07.610 INFO - Executing: [send keys: 0 [[ChromeDriver: chrome on MAC (28a4f73a9f9cee2ac43796afbeef174a)] -> css selector: input[type=text]], [n, i, g, h, t, w, a, t, c, h, J, S]])
22:29:07.752 INFO - Done: [send keys: 0 [[ChromeDriver: chrome on MAC (28a4f73a9f9cee2ac43796afbeef174a)] -> css selector: input[type=text]], [n, i, g, h, t, w, a, t, c, h, J, S]]
22:29:07.756 INFO - Executing: [find element: By.xpath: //button[@name="btnG"]])
22:29:07.772 INFO - Done: [find element: By.xpath: //button[@name="btnG"]]
22:29:07.775 INFO - Executing: [click: 1 [[ChromeDriver: chrome on MAC (28a4f73a9f9cee2ac43796afbeef174a)] -> xpath: //button[@name="btnG"]]])
22:29:08.344 WARN - Exception thrown
org.openqa.selenium.ElementNotVisibleException: element not visible
  (Session info: chrome=65.0.3325.181)
  (Driver info: chromedriver=2.37.544337 (8c0344a12e552148c185f7d5117db1f28d6c9e85),platform=Mac OS X 10.10.5 x86_64) (WARNING: The server did not provide any stacktrace information)
Command duration or timeout: 18 milliseconds
Build info: version: '2.53.1', revision: 'a36b8b1', time: '2016-06-30 17:37:03'
System info: host: 'Limors-MBP', ip: '10.0.0.62', os.name: 'Mac OS X', os.arch: 'x86_64', os.version: '10.10.5', java.version: '9.0.4'
Driver info: org.openqa.selenium.chrome.ChromeDriver
Capabilities [{applicationCacheEnabled=false, rotatable=false, mobileEmulationEnabled=false, networkConnectionEnabled=false, chrome={chromedriverVersion=2.37.544337 (8c0344a12e552148c185f7d5117db1f28d6c9e85), userDataDir=/var/folders/n9/4jdp5z014tg0304m6gjz6yh40000gp/T/.org.chromium.Chromium.8JTgPK}, takesHeapSnapshot=true, pageLoadStrategy=normal, databaseEnabled=false, handlesAlerts=true, hasTouchScreen=false, version=65.0.3325.181, platform=MAC, browserConnectionEnabled=false, nativeEvents=true, acceptSslCerts=false, acceptInsecureCerts=false, locationContextEnabled=true, webStorageEnabled=true, browserName=chrome, takesScreenshot=true, javascriptEnabled=true, cssSelectorsEnabled=true, setWindowRect=true, unexpectedAlertBehaviour=}]
Session ID: 28a4f73a9f9cee2ac43796afbeef174a
	at java.base/jdk.internal.reflect.NativeConstructorAccessorImpl.newInstance0(Native Method)
	at java.base/jdk.internal.reflect.NativeConstructorAccessorImpl.newInstance(NativeConstructorAccessorImpl.java:62)
	at java.base/jdk.internal.reflect.DelegatingConstructorAccessorImpl.newInstance(DelegatingConstructorAccessorImpl.java:45)
	at java.base/java.lang.reflect.Constructor.newInstance(Constructor.java:488)
	at org.openqa.selenium.remote.ErrorHandler.createThrowable(ErrorHandler.java:206)
	at org.openqa.selenium.remote.ErrorHandler.throwIfResponseFailed(ErrorHandler.java:158)
	at org.openqa.selenium.remote.RemoteWebDriver.execute(RemoteWebDriver.java:678)
	at org.openqa.selenium.remote.RemoteWebElement.execute(RemoteWebElement.java:327)
	at org.openqa.selenium.remote.RemoteWebElement.click(RemoteWebElement.java:85)
	at java.base/jdk.internal.reflect.NativeMethodAccessorImpl.invoke0(Native Method)
	at java.base/jdk.internal.reflect.NativeMethodAccessorImpl.invoke(NativeMethodAccessorImpl.java:62)
	at java.base/jdk.internal.reflect.DelegatingMethodAccessorImpl.invoke(DelegatingMethodAccessorImpl.java:43)
	at java.base/java.lang.reflect.Method.invoke(Method.java:564)
	at org.openqa.selenium.support.events.EventFiringWebDriver$EventFiringWebElement$1.invoke(EventFiringWebDriver.java:335)
	at com.sun.proxy.$Proxy4.click(Unknown Source)
	at org.openqa.selenium.support.events.EventFiringWebDriver$EventFiringWebElement.click(EventFiringWebDriver.java:348)
	at java.base/jdk.internal.reflect.NativeMethodAccessorImpl.invoke0(Native Method)
	at java.base/jdk.internal.reflect.NativeMethodAccessorImpl.invoke(NativeMethodAccessorImpl.java:62)
	at java.base/jdk.internal.reflect.DelegatingMethodAccessorImpl.invoke(DelegatingMethodAccessorImpl.java:43)
	at java.base/java.lang.reflect.Method.invoke(Method.java:564)
	at org.openqa.selenium.remote.server.KnownElements$1.invoke(KnownElements.java:64)
	at com.sun.proxy.$Proxy5.click(Unknown Source)
	at org.openqa.selenium.remote.server.handler.ClickElement.call(ClickElement.java:30)
	at org.openqa.selenium.remote.server.handler.ClickElement.call(ClickElement.java:1)
	at java.base/java.util.concurrent.FutureTask.run(FutureTask.java:264)
	at org.openqa.selenium.remote.server.DefaultSession$1.run(DefaultSession.java:176)
	at java.base/java.util.concurrent.ThreadPoolExecutor.runWorker(ThreadPoolExecutor.java:1167)
	at java.base/java.util.concurrent.ThreadPoolExecutor$Worker.run(ThreadPoolExecutor.java:641)
	at java.base/java.lang.Thread.run(Thread.java:844)
22:29:08.348 WARN - Exception: element not visible
  (Session info: chrome=65.0.3325.181)
  (Driver info: chromedriver=2.37.544337 (8c0344a12e552148c185f7d5117db1f28d6c9e85),platform=Mac OS X 10.10.5 x86_64) (WARNING: The server did not provide any stacktrace information)
Command duration or timeout: 18 milliseconds
Build info: version: '2.53.1', revision: 'a36b8b1', time: '2016-06-30 17:37:03'
System info: host: 'Limors-MBP', ip: '10.0.0.62', os.name: 'Mac OS X', os.arch: 'x86_64', os.version: '10.10.5', java.version: '9.0.4'
Driver info: org.openqa.selenium.chrome.ChromeDriver
Capabilities [{applicationCacheEnabled=false, rotatable=false, mobileEmulationEnabled=false, networkConnectionEnabled=false, chrome={chromedriverVersion=2.37.544337 (8c0344a12e552148c185f7d5117db1f28d6c9e85), userDataDir=/var/folders/n9/4jdp5z014tg0304m6gjz6yh40000gp/T/.org.chromium.Chromium.8JTgPK}, takesHeapSnapshot=true, pageLoadStrategy=normal, databaseEnabled=false, handlesAlerts=true, hasTouchScreen=false, version=65.0.3325.181, platform=MAC, browserConnectionEnabled=false, nativeEvents=true, acceptSslCerts=false, acceptInsecureCerts=false, locationContextEnabled=true, webStorageEnabled=true, browserName=chrome, takesScreenshot=true, javascriptEnabled=true, cssSelectorsEnabled=true, setWindowRect=true, unexpectedAlertBehaviour=}]
Session ID: 28a4f73a9f9cee2ac43796afbeef174a
22:29:08.452 INFO - Executing: [execute script: var passedArgs = Array.prototype.slice.call(arguments,0); return function () { // execute application specific code
      return window.performance.getEntries();
    }.apply(window, passedArgs);, []])
22:29:08.490 INFO - Done: [execute script: var passedArgs = Array.prototype.slice.call(arguments,0); return function () { // execute application specific code
      return window.performance.getEntries();
    }.apply(window, passedArgs);, []]
22:29:08.514 INFO - Executing: [delete session: 0e43029a-0f35-4126-ae76-50a3c0556d45])
22:29:08.592 INFO - Done: [delete session: 0e43029a-0f35-4126-ae76-50a3c0556d45]
